<?xml version="1.0" encoding="UTF-8"?>
<!-- Generated by org.testng.reporters.JUnitXMLReporter -->
<testsuite hostname="Halimes-MacBook-Air.local" ignored="3" name="Command line test" tests="1" failures="0" timestamp="2020-07-16T20:13:08 EDT" time="16.661" errors="0">
  <testcase name="loginTest" time="13.743" classname="com.qa.hubspot.tests.LoginPageTest"/>
  <testcase name="login_InvalidTestCase" time="0.0" classname="com.qa.hubspot.tests.LoginPageTest">
    <ignored/>
  </testcase> <!-- login_InvalidTestCase -->
  <testcase name="verifyLoginPageTitleTest" time="0.0" classname="com.qa.hubspot.tests.LoginPageTest">
    <ignored/>
  </testcase> <!-- verifyLoginPageTitleTest -->
  <testcase name="verifySignUpLinkTest" time="0.0" classname="com.qa.hubspot.tests.LoginPageTest">
    <ignored/>
  </testcase> <!-- verifySignUpLinkTest -->
</testsuite> <!-- Command line test -->
