<?xml version="1.0" encoding="UTF-8"?>
<!-- Generated by org.testng.reporters.JUnitXMLReporter -->
<testsuite hostname="Halimes-MacBook-Air.local" ignored="1" name="HubSpot Functional Regression Test -- chrome" tests="6" failures="0" timestamp="2020-07-24T13:25:12 EDT" time="53.855" errors="0">
  <testcase name="verifyHomePageTitleTest" time="0.093" classname="com.qa.hubspot.tests.HomePageTest"/>
  <testcase name="verifyHomePageHeaderTest" time="1.004" classname="com.qa.hubspot.tests.HomePageTest"/>
  <testcase name="verifyLoggedInUserTest" time="1.245" classname="com.qa.hubspot.tests.HomePageTest"/>
  <testcase name="verifyLoginPageTitleTest" time="5.407" classname="com.qa.hubspot.tests.LoginPageTest"/>
  <testcase name="verifySignUpLinkTest" time="6.322" classname="com.qa.hubspot.tests.LoginPageTest"/>
  <testcase name="loginTest" time="15.199" classname="com.qa.hubspot.tests.LoginPageTest"/>
  <testcase name="login_InvalidTestCase" time="0.0" classname="com.qa.hubspot.tests.LoginPageTest">
    <ignored/>
  </testcase> <!-- login_InvalidTestCase -->
</testsuite> <!-- HubSpot Functional Regression Test - chrome -->
