<?xml version="1.0" encoding="UTF-8"?>
<!-- Generated by org.testng.reporters.JUnitXMLReporter -->
<testsuite hostname="Halimes-MacBook-Air.local" ignored="1" name="HubSpot Functional Regression Test -- firefox" tests="6" failures="0" timestamp="2020-07-24T13:25:26 EDT" time="67.945" errors="0">
  <testcase name="verifyHomePageTitleTest" time="0.032" classname="com.qa.hubspot.tests.HomePageTest"/>
  <testcase name="verifyHomePageHeaderTest" time="0.939" classname="com.qa.hubspot.tests.HomePageTest"/>
  <testcase name="verifyLoggedInUserTest" time="1.16" classname="com.qa.hubspot.tests.HomePageTest"/>
  <testcase name="verifyLoginPageTitleTest" time="4.142" classname="com.qa.hubspot.tests.LoginPageTest"/>
  <testcase name="verifySignUpLinkTest" time="6.239" classname="com.qa.hubspot.tests.LoginPageTest"/>
  <testcase name="loginTest" time="11.654" classname="com.qa.hubspot.tests.LoginPageTest"/>
  <testcase name="login_InvalidTestCase" time="0.0" classname="com.qa.hubspot.tests.LoginPageTest">
    <ignored/>
  </testcase> <!-- login_InvalidTestCase -->
</testsuite> <!-- HubSpot Functional Regression Test - firefox -->
