<?xml version="1.0" encoding="UTF-8" ?>
<testsuite tests="10" failures="1" name="TestSuite" time="0.68" errors="0" skipped="9">
  <properties>
[...]
</properties>
  <testcase classname="com.qa.hubspot.tests.HomePageTest" name="setUp" time="0.339">
    <failure type="java.lang.NullPointerException">java.lang.NullPointerException
	at com.qa.hubspot.base.BasePage.init_driver(BasePage.java:23)
	at com.qa.hubspot.tests.HomePageTest.setUp(HomePageTest.java:32)
</failure>
    <system-out>Configuring TestNG with: org.apache.maven.surefire.testng.conf.TestNG652Configurator@31b7dea0
some issue with config properties...Please correct your config...
</system-out>
  </testcase>
  <testcase classname="com.qa.hubspot.tests.LoginPageTest" name="setup" time="0.34">
    <skipped/>
  </testcase>
  <testcase classname="com.qa.hubspot.tests.HomePageTest" name="verifyHomePageTitleTest" time="0.001">
    <skipped/>
  </testcase>
  <testcase classname="com.qa.hubspot.tests.HomePageTest" name="verifyHomePageHeaderTest" time="0">
    <skipped/>
  </testcase>
  <testcase classname="com.qa.hubspot.tests.HomePageTest" name="verifyLoggedInUserTest" time="0">
    <skipped/>
  </testcase>
  <testcase classname="com.qa.hubspot.tests.LoginPageTest" name="verifyLoginPageTitleTest" time="0">
    <skipped/>
  </testcase>
  <testcase classname="com.qa.hubspot.tests.LoginPageTest" name="verifySignUpLinkTest" time="0">
    <skipped/>
  </testcase>
  <testcase classname="com.qa.hubspot.tests.LoginPageTest" name="loginTest" time="0">
    <skipped/>
  </testcase>
  <testcase classname="com.qa.hubspot.tests.HomePageTest" name="tearDown" time="0">
    <skipped/>
  </testcase>
  <testcase classname="com.qa.hubspot.tests.LoginPageTest" name="tearDown" time="0">
    <skipped/>
  </testcase>
</testsuite>